<?xml version="1.0" encoding="UTF-8"?>
<!-- Generated by org.testng.reporters.JUnitReportReporter -->
<testsuite hostname="ammu" failures="0" tests="1" name="tests.Popup" time="16.687" errors="0" timestamp="2024-03-30T20:37:16 AEDT" skipped="0">
  <testcase classname="tests.Popup" name="selectElementFromPopup" time="16.687"/>
  <system-out/>
</testsuite> <!-- tests.Popup -->
