<?xml version="1.0" encoding="UTF-8"?>
<!-- Generated by org.testng.reporters.JUnitReportReporter -->
<testsuite hostname="ammu" failures="0" tests="1" name="tests.Saucedemo" time="15.076" errors="0" timestamp="2024-04-01T22:53:20 AEDT" skipped="0">
  <testcase classname="tests.Saucedemo" name="shopping" time="15.076"/>
  <system-out/>
</testsuite> <!-- tests.Saucedemo -->
