<?xml version="1.0" encoding="UTF-8"?>
<!-- Generated by org.testng.reporters.JUnitReportReporter -->
<testsuite hostname="ammu" failures="0" tests="1" name="tests.Autotrade" time="54.898" errors="0" timestamp="2024-04-01T16:22:21 AEDT" skipped="0">
  <testcase classname="tests.Autotrade" name="selectMake" time="54.898"/>
  <system-out/>
</testsuite> <!-- tests.Autotrade -->
