<?xml version="1.0" encoding="UTF-8"?>
<!-- Generated by org.testng.reporters.JUnitReportReporter -->
<testsuite hostname="ammu" failures="0" tests="1" name="tests.Frames" time="4.147" errors="0" timestamp="2024-03-23T22:14:32 AEDT" skipped="0">
  <testcase classname="tests.Frames" name="selectElementsFromFramesUsingWebElement" time="4.147"/>
  <system-out/>
</testsuite> <!-- tests.Frames -->
