<?xml version="1.0" encoding="UTF-8"?>
<!-- Generated by org.testng.reporters.JUnitReportReporter -->
<testsuite hostname="ammu" failures="0" tests="1" name="tests.Alerts" time="14.675" errors="0" timestamp="2024-03-27T22:25:37 AEDT" skipped="0">
  <testcase classname="tests.Alerts" name="canClickAlerts" time="14.675"/>
  <system-out/>
</testsuite> <!-- tests.Alerts -->
