<?xml version="1.0" encoding="UTF-8"?>
<!-- Generated by org.testng.reporters.JUnitReportReporter -->
<testsuite hostname="ammu" failures="0" tests="1" name="tests.Dropdownlist" time="13.643" errors="0" timestamp="2024-03-28T05:38:07 AEDT" skipped="0">
  <testcase classname="tests.Dropdownlist" name="selectDropDownOptionBYValue" time="13.643"/>
  <system-out/>
</testsuite> <!-- tests.Dropdownlist -->
