<?xml version="1.0" encoding="UTF-8"?>
<!-- Generated by org.testng.reporters.JUnitReportReporter -->
<testsuite hostname="ammu" failures="0" tests="1" name="tests.AutotradeRVsCategory" time="59.286" errors="0" timestamp="2024-03-17T23:00:11 AEDT" skipped="0">
  <testcase classname="tests.AutotradeRVsCategory" name="testCategoryRVs" time="59.286"/>
  <system-out/>
</testsuite> <!-- tests.AutotradeRVsCategory -->
