<?xml version="1.0" encoding="UTF-8"?>
<!-- Generated by org.testng.reporters.JUnitReportReporter -->
<testsuite hostname="ammu" failures="0" tests="1" name="tests.Windows" time="16.553" errors="0" timestamp="2024-03-25T22:39:42 AEDT" skipped="0">
  <testcase classname="tests.Windows" name="selectElementFromWindow" time="16.553"/>
  <system-out/>
</testsuite> <!-- tests.Windows -->
