<?xml version="1.0" encoding="UTF-8"?>
<!-- Generated by org.testng.reporters.JUnitReportReporter -->
<testsuite hostname="ammu" failures="0" tests="1" name="tests.ActionsTests" time="15.382" errors="0" timestamp="2024-03-30T20:50:15 AEDT" skipped="0">
  <testcase classname="tests.ActionsTests" name="canMouseOverMenuTest" time="15.382"/>
  <system-out/>
</testsuite> <!-- tests.ActionsTests -->
