<?xml version="1.0" encoding="UTF-8"?>
<!-- Generated by org.testng.reporters.JUnitReportReporter -->
<testsuite hostname="ammu" failures="0" tests="1" name="tests.VplTests" time="23.709" errors="0" timestamp="2024-03-05T09:10:13 AEDT" skipped="0">
  <testcase classname="tests.VplTests" name="loginFailsForIncorrectCredentials" time="23.709"/>
  <system-out/>
</testsuite> <!-- tests.VplTests -->
