<?xml version="1.0" encoding="UTF-8"?>
<!-- Generated by org.testng.reporters.JUnitReportReporter -->
<testsuite hostname="ammu" failures="0" tests="1" name="tests.SaucedemoAddMethod" time="5.178" errors="0" timestamp="2024-04-07T11:50:57 AEST" skipped="0">
  <testcase classname="tests.SaucedemoAddMethod" name="saucedemoShopping" time="5.178"/>
  <system-out/>
</testsuite> <!-- tests.SaucedemoAddMethod -->
